<?xml version="1.0" encoding="UTF-8"?>
<!-- Generated by org.testng.reporters.JUnitReportReporter -->
<testsuite hostname="shaily" failures="0" tests="1" name="BrowserFactory.TestBrowser" time="0.926" errors="0" timestamp="22 Jun 2022 12:40:03 GMT">
  <testcase classname="BrowserFactory.TestBrowser" name="google" time="0.926"/>
</testsuite> <!-- BrowserFactory.TestBrowser -->
