<?xml version="1.0" encoding="UTF-8"?>
<!-- Generated by org.testng.reporters.JUnitReportReporter -->
<testsuite hostname="shaily" failures="0" tests="3" name="com.Mahakaal.testcasesExcution.BhasamArtiBookingTestcases" time="11.122" errors="0" timestamp="12 Jul 2022 19:38:26 GMT">
  <testcase classname="com.Mahakaal.testcasesExcution.BhasamArtiBookingTestcases" name="click_BhasamArtiLink" time="0.290"/>
  <testcase classname="com.Mahakaal.testcasesExcution.BhasamArtiBookingTestcases" name="pickdate_FromClander" time="1.060"/>
  <testcase classname="com.Mahakaal.testcasesExcution.BhasamArtiBookingTestcases" name="openUrl" time="9.772"/>
</testsuite> <!-- com.Mahakaal.testcasesExcution.BhasamArtiBookingTestcases -->
