<?xml version="1.0" encoding="UTF-8"?>
<!-- Generated by org.testng.reporters.JUnitReportReporter -->
<testsuite hostname="shaily" failures="0" tests="3" name="com.Mahakaal.testcasesExcution.BhasamArtiBookingTestcases2" time="10.829" errors="0" timestamp="28 Jun 2022 16:18:35 GMT">
  <testcase classname="com.Mahakaal.testcasesExcution.BhasamArtiBookingTestcases2" name="pickdate_FromClander" time="0.509"/>
  <testcase classname="com.Mahakaal.testcasesExcution.BhasamArtiBookingTestcases2" name="click_BhasamArtiLink" time="0.242"/>
  <testcase classname="com.Mahakaal.testcasesExcution.BhasamArtiBookingTestcases2" name="openUrl" time="10.078"/>
</testsuite> <!-- com.Mahakaal.testcasesExcution.BhasamArtiBookingTestcases2 -->
