<?xml version="1.0" encoding="UTF-8"?>
<!-- Generated by org.testng.reporters.JUnitReportReporter -->
<testsuite hostname="shaily" failures="0" tests="2" name="com.Mahakaal.testcasesExcution.HomeTestCase" time="10.188" errors="0" timestamp="28 Jun 2022 12:01:26 GMT">
  <testcase classname="com.Mahakaal.testcasesExcution.HomeTestCase" name="openUrl" time="10.019"/>
  <testcase classname="com.Mahakaal.testcasesExcution.HomeTestCase" name="check_AboutLink" time="0.169"/>
</testsuite> <!-- com.Mahakaal.testcasesExcution.HomeTestCase -->
