<?xml version="1.0" encoding="UTF-8"?>
<!-- Generated by org.testng.reporters.JUnitReportReporter -->
<testsuite hostname="shaily" failures="0" tests="3" name="com.Mahakaal.testcasesExcution.DonationFullFunctionTestcase" time="121.230" errors="0" timestamp="28 Jun 2022 22:13:32 GMT">
  <testcase classname="com.Mahakaal.testcasesExcution.DonationFullFunctionTestcase" name="click_donationOnlineMoney" time="0.316"/>
  <testcase classname="com.Mahakaal.testcasesExcution.DonationFullFunctionTestcase" name="click_donationLink" time="0.241"/>
  <testcase classname="com.Mahakaal.testcasesExcution.DonationFullFunctionTestcase" name="enter_addPersonalDatail" time="120.673"/>
</testsuite> <!-- com.Mahakaal.testcasesExcution.DonationFullFunctionTestcase -->
