<?xml version="1.0" encoding="UTF-8"?>
<!-- Generated by org.testng.reporters.JUnitReportReporter -->
<testsuite hostname="shaily" failures="0" tests="1" name="com.Mahakaal.testcasesExcution.DemoTestcase" time="0.011" errors="0" timestamp="28 Jun 2022 18:03:43 GMT">
  <testcase classname="com.Mahakaal.testcasesExcution.DemoTestcase" name="demo" time="0.011"/>
</testsuite> <!-- com.Mahakaal.testcasesExcution.DemoTestcase -->
