<?xml version="1.0" encoding="UTF-8"?>
<!-- Generated by org.testng.reporters.JUnitReportReporter -->
<testsuite hostname="shaily" failures="0" tests="3" name="com.Mahakaal.testcasesExcution.HomeMenuBaarTestCase" time="90.880" errors="0" timestamp="28 Jun 2022 22:10:19 GMT">
  <testcase classname="com.Mahakaal.testcasesExcution.HomeMenuBaarTestCase" name="check_AboutLink" time="0.008"/>
  <testcase classname="com.Mahakaal.testcasesExcution.HomeMenuBaarTestCase" name="check_HomeLink" time="90.632"/>
  <testcase classname="com.Mahakaal.testcasesExcution.HomeMenuBaarTestCase" name="check_InformationLink" time="0.240"/>
</testsuite> <!-- com.Mahakaal.testcasesExcution.HomeMenuBaarTestCase -->
