<?xml version="1.0" encoding="UTF-8"?>
<!-- Generated by org.testng.reporters.JUnitReportReporter -->
<testsuite hostname="shaily" failures="0" tests="1" name="com.Mahakaal.utility.TestDemo" time="0.013" errors="0" timestamp="21 Jun 2022 21:23:57 GMT">
  <testcase classname="com.Mahakaal.utility.TestDemo" name="test" time="0.013"/>
</testsuite> <!-- com.Mahakaal.utility.TestDemo -->
