<?xml version="1.0" encoding="UTF-8"?>
<!-- Generated by org.testng.reporters.JUnitReportReporter -->
<testsuite hostname="shaily" failures="0" tests="1" name="com.Mahakaal.testcasesExcution.BhasmArtiBookingTestcase" time="42.579" errors="0" timestamp="26 Jun 2022 18:07:38 GMT">
  <testcase classname="com.Mahakaal.testcasesExcution.BhasmArtiBookingTestcase" name="VerifyBhasamArti_functionality" time="42.579"/>
</testsuite> <!-- com.Mahakaal.testcasesExcution.BhasmArtiBookingTestcase -->
